[ 2016-04-27T10:33:19+08:00 ] ::1 /favicon.ico
ERR: 无法加载模块:Favicon

[ 2016-04-27T10:34:07+08:00 ] ::1 /index.php/android/
ERR: 无法加载模块:Android

[ 2016-04-27T10:34:45+08:00 ] ::1 /index.php/android/read
ERR: 无法加载模块:Android

[ 2016-04-27T10:35:03+08:00 ] ::1 /index.php/android/read/3
ERR: 无法加载模块:Android

[ 2016-04-27T10:36:51+08:00 ] ::1 /index.php/webchat/index/hello
ERR: 无法加载模块:Webchat

[ 2016-04-27T13:01:30+08:00 ] 192.168.31.126 /favicon.ico
ERR: 无法加载模块:Favicon

[ 2016-04-27T13:01:30+08:00 ] 192.168.31.126 /favicon.ico
ERR: 无法加载模块:Favicon

[ 2016-04-27T15:35:31+08:00 ] ::1 /favicon.ico
ERR: 无法加载模块:Favicon

[ 2016-04-27T21:49:39+08:00 ] 192.168.31.1 /favicon.ico
ERR: 无法加载模块:Favicon

[ 2016-04-27T21:57:27+08:00 ] 192.168.31.1 /favicon.ico
ERR: 无法加载模块:Favicon

[ 2016-04-27T22:19:30+08:00 ] 192.168.31.122 /favicon.ico
ERR: 无法加载模块:Favicon

[ 2016-04-27T22:24:27+08:00 ] 192.168.31.1 /favicon.ico
ERR: 无法加载模块:Favicon

