[ 2016-05-06T10:20:04+08:00 ] ::1 /index.php/Core/user/register
ERR: 参数错误或者未定义:u_name

[ 2016-05-06T10:20:15+08:00 ] ::1 /index.php/Core/user/register/u_name/duanduan
ERR: 参数错误或者未定义:u_pwd

[ 2016-05-06T10:20:25+08:00 ] ::1 /index.php/Core/user/register/u_name/duanduan/u_pwd/duanduan123
ERR: 参数错误或者未定义:u_type

[ 2016-05-06T10:26:51+08:00 ] ::1 /index.php/Core/user/register/u_name/duanduan/u_pwd/duanduan123/u_type/1/u_check_mail/2574580419@qq.com
ERR: SQLSTATE[42000]: Syntax error or access violation: 1064 You have an error in your SQL syntax; check the manual that corresponds to your MySQL server version for the right syntax to use near '2574580419@qq.com ) LIMIT 1' at line 1

[ 2016-05-06T10:47:43+08:00 ] ::1 /index.php/Core/user/register/u_name/duanduan/u_pwd/duanduan123/u_type/1/u_check_phone/13132283239
ERR: SQLSTATE[42000]: Syntax error or access violation: 1064 You have an error in your SQL syntax; check the manual that corresponds to your MySQL server version for the right syntax to use near '13132283239 ) LIMIT 1' at line 1

[ 2016-05-06T11:03:03+08:00 ] ::1 /index.php/Core/user/register/u_name/duanduan/u_pwd/duanduan123/u_type/1/u_check_phone/13132283239
ERR: SQLSTATE[42S02]: Base table or view not found: 1146 Table 'follow_me.student_user' doesn't exist

[ 2016-05-06T11:05:25+08:00 ] ::1 /index.php/Core/user/register/u_name/duanduan/u_pwd/duanduan123/u_type/1/u_check_phone/13132283239
ERR: SQLSTATE[42S02]: Base table or view not found: 1146 Table 'follow_me.student_user' doesn't exist

[ 2016-05-06T11:14:46+08:00 ] ::1 /index.php/Core/user/register/u_name/duanduan/u_pwd/duanduan123/u_type/1/u_check_phone/13132283239
ERR: SQLSTATE[42S02]: Base table or view not found: 1146 Table 'follow_me.student_user' doesn't exist

[ 2016-05-06T11:15:47+08:00 ] ::1 /index.php/Core/user/register/u_name/duanduan/u_pwd/duanduan123/u_type/1/u_check_phone/13132283239
ERR: SQLSTATE[42S02]: Base table or view not found: 1146 Table 'follow_me.student_user' doesn't exist

[ 2016-05-06T16:29:06+08:00 ] ::1 /index.php/Core/user/mail_register_send/mail/2574580419@qq.com
ERR: 非法操作:mail_register_send

[ 2016-05-06T16:40:13+08:00 ] ::1 /index.php/Core/user/register/u_name/duanduan/u_pwd/duanduan123/u_type/1/u_check_phone/13132283239
ERR: SQLSTATE[42S02]: Base table or view not found: 1146 Table 'follow_me.student_user' doesn't exist

[ 2016-05-06T17:50:43+08:00 ] ::1 /index.php/Core/user/register/u_name/duanduan/u_pwd/duanduan123/u_type/1/u_check_phone/13132283239
ERR: SQLSTATE[23000]: Integrity constraint violation: 1062 Duplicate entry '0-0-0' for key 'PRIMARY'

[ 2016-05-06T17:52:03+08:00 ] ::1 /index.php/Core/user/register/u_name/duanduan/u_pwd/duanduan123/u_type/1/u_check_phone/13132283239
ERR: SQLSTATE[23000]: Integrity constraint violation: 1062 Duplicate entry '0-0-0' for key 'PRIMARY'

[ 2016-05-06T17:53:45+08:00 ] ::1 /index.php/Core/user/register/u_name/duanduan/u_pwd/duanduan123/u_type/1/u_check_phone/13132283239
ERR: SQLSTATE[23000]: Integrity constraint violation: 1062 Duplicate entry '0-0-0' for key 'PRIMARY'

[ 2016-05-06T17:54:26+08:00 ] ::1 /index.php/Core/user/register/u_name/duanduan/u_pwd/duanduan123/u_type/1/u_check_phone/13132283239
ERR: SQLSTATE[23000]: Integrity constraint violation: 1062 Duplicate entry '0-0-0' for key 'PRIMARY'

[ 2016-05-06T17:54:31+08:00 ] ::1 /index.php/Core/user/register/u_name/duanduan/u_pwd/duanduan123/u_type/1/u_check_phone/13132283239
ERR: SQLSTATE[23000]: Integrity constraint violation: 1062 Duplicate entry '0-0-0' for key 'PRIMARY'

[ 2016-05-06T18:04:36+08:00 ] ::1 /index.php/Core/user/register/u_name/duanduan/u_pwd/duanduan123/u_type/1/u_check_phone/13132283239
ERR: SQLSTATE[42000]: Syntax error or access violation: 1103 Incorrect table name ''

[ 2016-05-06T18:05:12+08:00 ] ::1 /index.php/Core/user/register/u_name/duanduan/u_pwd/duanduan123/u_type/1/u_check_phone/13132283239
ERR: SQLSTATE[23000]: Integrity constraint violation: 1062 Duplicate entry '0-0' for key 'PRIMARY'

[ 2016-05-06T18:15:48+08:00 ] ::1 /index.php/Core/user/register/u_name/duanduan1/u_pwd/duanduan123/u_type/1/u_check_phone/13132283239
ERR: SQLSTATE[23000]: Integrity constraint violation: 1048 Column 'user_alias' cannot be null

[ 2016-05-06T18:17:08+08:00 ] ::1 /index.php/Core/user/register/u_name/duanduan1/u_pwd/duanduan123/u_type/1/u_check_phone/13132283239
ERR: SQLSTATE[23000]: Integrity constraint violation: 1048 Column 'user_alias' cannot be null

[ 2016-05-06T18:32:09+08:00 ] ::1 /index.php/Core/user/register/u_name/duanduan1/u_pwd/duanduan123/u_type/1/u_check_phone/13132283239
ERR: SQLSTATE[23000]: Integrity constraint violation: 1048 Column 'user_alias' cannot be null

[ 2016-05-06T18:35:00+08:00 ] ::1 /index.php/Core/user/register/u_name/duanduan1/u_pwd/duanduan123/u_type/1/u_check_phone/13132283239
ERR: SQLSTATE[23000]: Integrity constraint violation: 1048 Column 'user_alias' cannot be null

[ 2016-05-06T18:36:49+08:00 ] ::1 /index.php/Core/user/register/u_name/duanduan1/u_pwd/duanduan123/u_type/1/u_check_phone/13132283239
ERR: SQLSTATE[23000]: Integrity constraint violation: 1048 Column 'user_alias' cannot be null

[ 2016-05-06T18:36:53+08:00 ] ::1 /index.php/Core/user/register/u_name/duanduan1/u_pwd/duanduan123/u_type/1/u_check_phone/13132283239
ERR: SQLSTATE[23000]: Integrity constraint violation: 1048 Column 'user_alias' cannot be null

[ 2016-05-06T18:38:17+08:00 ] ::1 /index.php/Core/user/register/u_name/duanduan1/u_pwd/duanduan123/u_type/1/u_check_phone/13132283239
ERR: SQLSTATE[23000]: Integrity constraint violation: 1048 Column 'user_alias' cannot be null

[ 2016-05-06T18:38:51+08:00 ] ::1 /index.php/Core/user/register/u_name/duanduan1/u_pwd/duanduan123/u_type/1/u_check_phone/13132283239
ERR: SQLSTATE[23000]: Integrity constraint violation: 1048 Column 'user_alias' cannot be null

[ 2016-05-06T18:39:01+08:00 ] ::1 /index.php/Core/user/register/u_name/duanduan1/u_pwd/duanduan123/u_type/1/u_check_phone/13132283239
ERR: SQLSTATE[23000]: Integrity constraint violation: 1048 Column 'user_alias' cannot be null

[ 2016-05-06T19:12:15+08:00 ] ::1 /index.php/Core/user/register/u_name/duanduan1/u_pwd/duanduan123/u_type/1/u_check_phone/13132283239
ERR: SQLSTATE[23000]: Integrity constraint violation: 1048 Column 'user_alias' cannot be null

[ 2016-05-06T19:30:39+08:00 ] ::1 /index.php/Core/user/register/u_name/duanduan1/u_pwd/duanduan123/u_type/1/u_check_phone/13132283239
ERR: SQLSTATE[23000]: Integrity constraint violation: 1048 Column 'user_alias' cannot be null

[ 2016-05-06T19:31:45+08:00 ] ::1 /index.php/Core/user/register/u_name/duanduan1/u_pwd/duanduan123/u_type/1/u_check_phone/13132283239
ERR: SQLSTATE[23000]: Integrity constraint violation: 1048 Column 'user_alias' cannot be null

[ 2016-05-06T19:41:38+08:00 ] ::1 /index.php/Core/user/register/u_name/duanduan1/u_pwd/duanduan123/u_type/1/u_check_phone/13132283239
ERR: SQLSTATE[23000]: Integrity constraint violation: 1048 Column 'user_alias' cannot be null

[ 2016-05-06T20:22:37+08:00 ] ::1 /index.php/Core/user/register/u_name/duanduan/u_pwd/duanduan123/u_type/1/u_check_phone/13132283239
ERR: SQLSTATE[23000]: Integrity constraint violation: 1048 Column 'user_alias' cannot be null

[ 2016-05-06T20:28:58+08:00 ] ::1 /index.php/Core/user/register/u_name/duanduan/u_pwd/duanduan123/u_type/1/u_check_phone/13132283239
ERR: SQLSTATE[23000]: Integrity constraint violation: 1048 Column 'user_alias' cannot be null

[ 2016-05-06T20:33:57+08:00 ] ::1 /index.php/Core/user/register/u_name/duanduan/u_pwd/duanduan123/u_type/1/u_check_phone/13132283239
ERR: SQLSTATE[23000]: Integrity constraint violation: 1048 Column 'user_alias' cannot be null

[ 2016-05-06T20:38:18+08:00 ] ::1 /index.php/Core/user/register/u_name/duanduan/u_pwd/duanduan123/u_type/1/u_check_phone/13132283239
ERR: SQLSTATE[23000]: Integrity constraint violation: 1048 Column 'user_type' cannot be null

[ 2016-05-06T20:38:42+08:00 ] ::1 /index.php/Core/user/register/u_name/duanduan/u_pwd/duanduan123/u_type/1/u_check_phone/13132283239
ERR: SQLSTATE[23000]: Integrity constraint violation: 1048 Column 'user_alias' cannot be null

[ 2016-05-06T20:53:30+08:00 ] ::1 /index.php/Core/user/register/u_name/duanduan/u_pwd/duanduan123/u_type/1/u_check_phone/13132283239
ERR: SQLSTATE[23000]: Integrity constraint violation: 1048 Column 'user_alias' cannot be null

[ 2016-05-06T20:54:28+08:00 ] ::1 /index.php/Core/user/register/u_name/duanduan/u_pwd/duanduan123/u_type/1/u_check_phone/13132283239
ERR: SQLSTATE[23000]: Integrity constraint violation: 1048 Column 'user_alias' cannot be null

[ 2016-05-06T20:56:05+08:00 ] ::1 /index.php/Core/user/register/u_name/duanduan/u_pwd/duanduan123/u_type/1/u_check_phone/13132283239
ERR: SQLSTATE[23000]: Integrity constraint violation: 1048 Column 'user_alias' cannot be null

[ 2016-05-06T20:56:53+08:00 ] ::1 /index.php/Core/user/register/u_name/duanduan/u_pwd/duanduan123/u_type/1/u_check_phone/13132283239
ERR: SQLSTATE[23000]: Integrity constraint violation: 1048 Column 'user_alias' cannot be null

[ 2016-05-06T20:57:31+08:00 ] ::1 /index.php/Core/user/register/u_name/duanduan/u_pwd/duanduan123/u_type/1/u_check_phone/13132283239
ERR: SQLSTATE[23000]: Integrity constraint violation: 1048 Column 'user_alias' cannot be null

[ 2016-05-06T20:58:37+08:00 ] ::1 /index.php/Core/user/register/u_name/duanduan/u_pwd/duanduan123/u_type/1/u_check_phone/13132283239
ERR: SQLSTATE[23000]: Integrity constraint violation: 1048 Column 'user_alias' cannot be null

[ 2016-05-06T20:59:09+08:00 ] ::1 /index.php/Core/user/register/u_name/duanduan/u_pwd/duanduan123/u_type/1/u_check_phone/13132283239
ERR: SQLSTATE[23000]: Integrity constraint violation: 1048 Column 'user_alias' cannot be null

[ 2016-05-06T21:09:27+08:00 ] ::1 /index.php/Core/user/register/u_name/duanduan/u_pwd/duanduan123/u_type/1/u_check_phone/13132283239
ERR: SQLSTATE[23000]: Integrity constraint violation: 1048 Column 'school_id' cannot be null

[ 2016-05-06T23:53:55+08:00 ] ::1 /index.php/Core/user/register/u_name/duanduan/u_pwd/duanduan123/u_type/0/u_check_phone/13132283239
ERR: SQLSTATE[42000]: Syntax error or access violation: 1103 Incorrect table name ''

[ 2016-05-06T23:55:49+08:00 ] ::1 /index.php/Core/user/register/u_name/duanduan/u_pwd/duanduan123/u_type/0/u_check_phone/13132283239
ERR: SQLSTATE[42S22]: Column not found: 1054 Unknown column 'user_email' in 'field list'

[ 2016-05-06T23:58:46+08:00 ] ::1 /index.php/Core/user/register/u_name/duanduan/u_pwd/duanduan123/u_type/0/u_check_phone/13132283239
ERR: SQLSTATE[42S22]: Column not found: 1054 Unknown column 'user_email' in 'field list'

[ 2016-05-06T23:59:46+08:00 ] ::1 /index.php/Core/user/register/u_name/duanduan/u_pwd/duanduan123/u_type/0/u_check_phone/13132283239
ERR: SQLSTATE[42S22]: Column not found: 1054 Unknown column 'Array' in 'where clause'

