[ 2016-04-27T12:49:45+08:00 ] ::1 /index.php/Core/user/login
ERR: SQLSTATE[28000] [1045] Access denied for user 'root'@'localhost' (using password: NO)

[ 2016-04-27T15:35:42+08:00 ] ::1 /index.php/core
ERR: 无法加载控制器:Index

[ 2016-04-27T16:20:44+08:00 ] ::1 /index.php/core/user/aliasexists
ERR: 参数错误或者未定义:alias

[ 2016-04-27T16:20:51+08:00 ] ::1 /index.php/core/user/aliasexists/duanduan
ERR: 参数错误或者未定义:alias

[ 2016-04-27T16:21:13+08:00 ] ::1 /index.php/core/user/aliasexists/alias/duanduan
ERR: SQLSTATE[42S22]: Column not found: 1054 Unknown column 'duanduan' in 'where clause'

[ 2016-04-27T16:22:56+08:00 ] ::1 /index.php/core/user/aliasexists/alias/duanduan
ERR: SQLSTATE[42S22]: Column not found: 1054 Unknown column 'duanduan' in 'where clause'

[ 2016-04-27T16:24:29+08:00 ] ::1 /index.php/core/user/aliasexists/alias/duanduan
ERR: SQLSTATE[42S22]: Column not found: 1054 Unknown column 'duanduan' in 'where clause'

[ 2016-04-27T16:32:15+08:00 ] ::1 /index.php/core/user/aliasexists/alias/duanduan
ERR: SQLSTATE[42S22]: Column not found: 1054 Unknown column 'duanduan' in 'where clause'

[ 2016-04-27T16:34:33+08:00 ] ::1 /index.php/core/user/aliasexists/alias/duanduan
ERR: SQLSTATE[42S22]: Column not found: 1054 Unknown column 'duanduan' in 'where clause'

[ 2016-04-27T16:35:44+08:00 ] ::1 /index.php/core/user/aliasexists/alias/duanduan
ERR: SQLSTATE[42S22]: Column not found: 1054 Unknown column 'duanduan' in 'where clause'

[ 2016-04-27T16:37:30+08:00 ] ::1 /index.php/core/user/aliasexists/alias/duanduan
ERR: SQLSTATE[42S22]: Column not found: 1054 Unknown column 'duanduan' in 'where clause'

[ 2016-04-27T16:37:34+08:00 ] ::1 /index.php/core/user/aliasexists/alias/duanduan
ERR: SQLSTATE[42S22]: Column not found: 1054 Unknown column 'duanduan' in 'where clause'

[ 2016-04-27T16:39:24+08:00 ] ::1 /index.php/core/user/aliasexists/alias/duanduan
ERR: SQLSTATE[42S22]: Column not found: 1054 Unknown column 'duanduan' in 'where clause'

[ 2016-04-27T16:40:26+08:00 ] ::1 /index.php/core/user/aliasexists/alias/duanduan
ERR: SQLSTATE[42S22]: Column not found: 1054 Unknown column 'duanduan' in 'where clause'

[ 2016-04-27T16:46:23+08:00 ] ::1 /index.php/core/user/aliasexists/alias/
ERR: 参数错误或者未定义:alias

[ 2016-04-27T16:56:43+08:00 ] ::1 /index.php/core/user/emailExists/email/2574580419@qq.com
ERR: SQLSTATE[42S22]: Column not found: 1054 Unknown column 'user_email' in 'where clause'

[ 2016-04-27T17:01:47+08:00 ] ::1 /index.php/core/user/teleExists/email/duanqinbb@163.com
ERR: 参数错误或者未定义:tele_num

