[ 2016-05-16T22:14:47+08:00 ] ::1 /api/android/user/username_is_register?u_name=duanduan1
ERR: SQLSTATE[42S02]: Base table or view not found: 1146 Table 'follow_me.user_model' doesn't exist

[ 2016-05-16T22:15:15+08:00 ] ::1 /api/android/user/username_is_register?u_name=duanduan1
ERR: 非法操作:userNameExist

[ 2016-05-16T22:19:00+08:00 ] ::1 /api/android/user/username_is_register?u_name=duanduan1
ERR: 非法操作:userNameExist

[ 2016-05-16T22:19:01+08:00 ] ::1 /api/android/user/username_is_register?u_name=duanduan1
ERR: 非法操作:userNameExist

[ 2016-05-16T22:21:01+08:00 ] ::1 /api/android/user/username_is_register?u_name=duanduan1
ERR: SQLSTATE[42S02]: Base table or view not found: 1146 Table 'follow_me.user_model' doesn't exist

[ 2016-05-16T22:21:37+08:00 ] ::1 /api/android/user/register_by_mail
ERR: SQLSTATE[42S02]: Base table or view not found: 1146 Table 'follow_me.user_model' doesn't exist

[ 2016-05-16T22:21:56+08:00 ] ::1 /api/android/user/username_is_register?u_name=duanduan1
ERR: SQLSTATE[42S02]: Base table or view not found: 1146 Table 'follow_me.user_model' doesn't exist

[ 2016-05-16T22:22:13+08:00 ] ::1 /api/android/user/username_is_register?u_name=duanduan1
ERR: 非法操作:userNameExist

[ 2016-05-16T22:23:30+08:00 ] ::1 /api/android/user/username_is_register?u_name=duanduan1
ERR: 非法操作:userNameExist

[ 2016-05-16T22:23:33+08:00 ] ::1 /api/android/user/username_is_register?u_name=duanduan1
ERR: 非法操作:userNameExist

[ 2016-05-16T22:23:46+08:00 ] ::1 /api/android/user/username_is_register?u_name=duanduan1
ERR: SQLSTATE[42S02]: Base table or view not found: 1146 Table 'follow_me.user_model' doesn't exist

[ 2016-05-16T22:23:55+08:00 ] ::1 /api/android/user/username_is_register?u_name=duanduan1
ERR: SQLSTATE[42S02]: Base table or view not found: 1146 Table 'follow_me.user_model' doesn't exist

[ 2016-05-16T22:24:03+08:00 ] ::1 /api/android/user/username_is_register?u_name=duanduan1
ERR: 非法操作:userNameExist

[ 2016-05-16T22:24:05+08:00 ] ::1 /api/android/user/username_is_register?u_name=duanduan1
ERR: 非法操作:userNameExist

[ 2016-05-16T22:24:27+08:00 ] ::1 /api/android/user/username_is_register?u_name=duanduan1
ERR: SQLSTATE[42S02]: Base table or view not found: 1146 Table 'follow_me.user_model' doesn't exist

[ 2016-05-16T22:25:02+08:00 ] ::1 /api/android/user/username_is_register?u_name=duanduan1
ERR: 非法操作:userNameExist

[ 2016-05-16T22:25:20+08:00 ] ::1 /api/android/user/username_is_register?u_name=duanduan1
ERR: SQLSTATE[42S02]: Base table or view not found: 1146 Table 'follow_me.user_model' doesn't exist

[ 2016-05-16T22:27:16+08:00 ] ::1 /api/android/user/username_is_register?u_name=duanduan1
ERR: 非法操作:userNameExist

[ 2016-05-16T22:27:21+08:00 ] ::1 /api/android/user/username_is_register?u_name=duanduan1
ERR: Think\Model:userNameRegistered方法不存在！

[ 2016-05-16T22:28:35+08:00 ] ::1 /api/android/user/username_is_register?u_name=duanduan1
ERR: Think\Model:userNameRegistered方法不存在！

[ 2016-05-16T22:29:48+08:00 ] ::1 /api/android/user/username_is_register?u_name=duanduan1
ERR: 非法操作:userNameExist

[ 2016-05-16T22:30:38+08:00 ] ::1 /api/android/user/username_is_register?u_name=duanduanwer23
ERR: 非法操作:userNameExist

[ 2016-05-16T22:30:42+08:00 ] ::1 /api/android/user/username_is_register?u_name=duanduanwer23
ERR: 非法操作:userNameExist

[ 2016-05-16T22:31:38+08:00 ] ::1 /api/android/user/username_is_register?u_name=duanduanwer23
ERR: 非法操作:userNameExist

[ 2016-05-16T22:32:56+08:00 ] ::1 /api/android/user/username_is_register?u_name=duanduanwer23
ERR: 非法操作:userNameExist

[ 2016-05-16T22:33:00+08:00 ] ::1 /api/android/user/username_is_register?u_name=duanduanwer23
ERR: 非法操作:userNameExist

[ 2016-05-16T22:34:54+08:00 ] ::1 /api/android/user/username_is_register?u_name=duanduanwer23
ERR: Think\Model:userNameRegistered方法不存在！

[ 2016-05-16T22:39:19+08:00 ] ::1 /api/android/user/username_is_register?u_name=duanduanwer23
ERR: Think\Model:userNameRegistered方法不存在！

[ 2016-05-16T22:52:16+08:00 ] ::1 /api/android/user/username_is_register?u_name=duanduanwer23
ERR: Think\Model:userNameRegistered方法不存在！

[ 2016-05-16T22:52:21+08:00 ] ::1 /api/android/user/username_is_register?u_name=duanduanwer23
ERR: Think\Model:userNameRegistered方法不存在！

[ 2016-05-16T22:53:09+08:00 ] ::1 /api/android/user/username_is_register?u_name=duanduanwer23
ERR: SQLSTATE[42S22]: Column not found: 1054 Unknown column 'user_name' in 'where clause'

[ 2016-05-16T22:53:37+08:00 ] ::1 /api/android/user/username_is_register?u_name=duanduanwer23
ERR: SQLSTATE[HY000]: General error: 1267 Illegal mix of collations (greek_general_ci,IMPLICIT) and (gbk_chinese_ci,IMPLICIT) for operation '='

[ 2016-05-16T22:54:48+08:00 ] ::1 /api/android/user/username_is_register?u_name=duanduanwer23
ERR: SQLSTATE[HY000]: General error: 1267 Illegal mix of collations (greek_general_ci,IMPLICIT) and (gbk_chinese_ci,IMPLICIT) for operation '='

[ 2016-05-16T22:56:21+08:00 ] ::1 /api/android/user/username_is_register?u_name=duanduanwer23
ERR: 非法操作:userNameExist

[ 2016-05-16T22:56:38+08:00 ] ::1 /api/android/user/username_is_register?u_name=duanduanwer23
ERR: 非法操作:userNameExist

[ 2016-05-16T22:57:13+08:00 ] ::1 /api/android/user/username_is_register?user_name=duanduan1
ERR: 非法操作:userNameExist

[ 2016-05-16T22:57:35+08:00 ] ::1 /api/android/user/username_is_register?u_name=duanduanwer23
ERR: 非法操作:userNameExist

[ 2016-05-16T22:57:47+08:00 ] ::1 /api/android/user/username_is_register?u_name=duanduanwer23
ERR: SQLSTATE[HY000]: General error: 1267 Illegal mix of collations (greek_general_ci,IMPLICIT) and (gbk_chinese_ci,IMPLICIT) for operation '='

[ 2016-05-16T22:59:01+08:00 ] ::1 /api/android/user/username_is_register?u_name=duanduanwer23
ERR: SQLSTATE[HY000]: General error: 1267 Illegal mix of collations (greek_general_ci,IMPLICIT) and (gbk_chinese_ci,IMPLICIT) for operation '='

[ 2016-05-16T22:59:36+08:00 ] ::1 /api/android/user/username_is_register?u_name=duanduanwer23
ERR: SQLSTATE[HY000]: General error: 1267 Illegal mix of collations (greek_general_ci,IMPLICIT) and (gbk_chinese_ci,IMPLICIT) for operation '='

[ 2016-05-16T23:01:26+08:00 ] ::1 /api/android/user/username_is_register?u_name=duanduanwer23
ERR: SQLSTATE[HY000]: General error: 1267 Illegal mix of collations (greek_general_ci,IMPLICIT) and (gbk_chinese_ci,IMPLICIT) for operation '='

[ 2016-05-16T23:01:55+08:00 ] ::1 /api/android/user/username_is_register?u_name=duanduanwer23
ERR: SQLSTATE[HY000]: General error: 1267 Illegal mix of collations (greek_general_ci,IMPLICIT) and (gbk_chinese_ci,IMPLICIT) for operation '='

