[ 2016-05-17T11:01:59+08:00 ] ::1 /api/android/user/username_is_register?u_name=duanduan1
ERR: SQLSTATE[21000]: Cardinality violation: 1222 The used SELECT statements have a different number of columns

[ 2016-05-17T11:04:36+08:00 ] ::1 /api/android/user/username_is_register?u_name=duanduan1
ERR: SQLSTATE[42S22]: Column not found: 1054 Unknown column 'phone_activate.id' in 'on clause'

[ 2016-05-17T11:16:35+08:00 ] ::1 /api/android/user/username_is_register?u_name=duanduan1
ERR: 非法操作:userNameExist

[ 2016-05-17T11:17:22+08:00 ] ::1 /api/android/user/username_is_register?u_name=duanduan1
ERR: 非法操作:userNameExist

[ 2016-05-17T11:17:22+08:00 ] ::1 /api/android/user/username_is_register?u_name=duanduan1
ERR: 非法操作:userNameExist

[ 2016-05-17T11:18:18+08:00 ] ::1 /api/android/user/username_is_register?u_name=duanduan1
ERR: 非法操作:userNameExist

[ 2016-05-17T11:18:19+08:00 ] ::1 /api/android/user/username_is_register?u_name=duanduan1
ERR: 非法操作:userNameExist

[ 2016-05-17T12:24:48+08:00 ] ::1 /api/android/user/register_by_mail/mail_send
ERR: 非法操作:register_by_mail

[ 2016-05-17T12:25:03+08:00 ] ::1 /api/android/user/register_by_mail/mail_send
ERR: 非法操作:register_by_mail

[ 2016-05-17T12:25:36+08:00 ] ::1 /api/android/user/register_by_mail/mail_send
ERR: 非法操作:register_by_mail

[ 2016-05-17T12:26:13+08:00 ] ::1 /api/android/user/register_by_mail/mail_send
ERR: 非法操作:register_by_mail

[ 2016-05-17T12:26:59+08:00 ] ::1 /api/android/user/register_by_mail/mail_send
ERR: 非法操作:register_by_mail

[ 2016-05-17T12:27:39+08:00 ] ::1 /api/android/user/register_by_mail/mail_send
ERR: 非法操作:register_by_mail

[ 2016-05-17T12:27:55+08:00 ] ::1 /api/android/user/username_is_register?u_name=duanduan1
ERR: 非法操作:userNameExist

[ 2016-05-17T12:27:55+08:00 ] ::1 /api/android/user/username_is_register?u_name=duanduan1
ERR: 非法操作:userNameExist

[ 2016-05-17T12:28:11+08:00 ] ::1 /api/android/user/register_by_mail/mail_send
ERR: 非法操作:register_by_mail

[ 2016-05-17T12:29:45+08:00 ] ::1 /api/android/user/register_by_mail/mail_send
ERR: 非法操作:register_by_mail

[ 2016-05-17T12:30:47+08:00 ] ::1 /api/android/user/register_by_mail/mail_send
ERR: 非法操作:register_by_mail

[ 2016-05-17T12:31:33+08:00 ] ::1 /api/android/user/register_by_mail/mail_send
ERR: 非法操作:register_by_mail

[ 2016-05-17T12:32:50+08:00 ] ::1 /api/android/user/register_by_mail/mail_send
ERR: 非法操作:register_by_mail

[ 2016-05-17T13:27:37+08:00 ] 127.0.0.1 /api/android/user/register_by_mail/mail_send
ERR: 非法操作:RegisterActivateMailSend

[ 2016-05-17T13:28:38+08:00 ] 127.0.0.1 /api/android/user/register_by_mail/mail_send
ERR: 非法操作:RegisterActivateMailSend

[ 2016-05-17T13:29:27+08:00 ] 127.0.0.1 /api/android/user/register_by_mail/activate?email=2574580419@qq.com&token=9f4016408e8a6c1bddb95a015049a50c
ERR: 非法操作:RegisterMobileActivate

[ 2016-05-17T13:33:21+08:00 ] 127.0.0.1 /api/android/user/register_by_mail/mail_send
ERR: 非法操作:RegisterActivateMailSend

[ 2016-05-17T13:33:32+08:00 ] 127.0.0.1 /api/android/user/register_by_mail/activate?email=2574580419@qq.com&token=9f4016408e8a6c1bddb95a015049a50c
ERR: 非法操作:RegisterMailActivate

[ 2016-05-17T13:34:48+08:00 ] 127.0.0.1 /api/android/user/register_by_mail/activate?email=2574580419@qq.com&token=9f4016408e8a6c1bddb95a015049a50c
ERR: 非法操作:RegisterMailActivate

[ 2016-05-17T13:35:31+08:00 ] 127.0.0.1 /api/android/user/register_by_mail/activate?email=2574580419@qq.com&token=9f4016408e8a6c1bddb95a015049a50c
ERR: 非法操作:RegisterMailActivate

[ 2016-05-17T13:35:42+08:00 ] 127.0.0.1 /api/android/user/register_by_mail/mail_send
ERR: 非法操作:RegisterActivateMailSend

[ 2016-05-17T13:37:14+08:00 ] 127.0.0.1 /api/android/user/register_by_mail/mail_send
ERR: 非法操作:RegisterActivateMailSend

[ 2016-05-17T13:39:26+08:00 ] 127.0.0.1 /api/android/user/register_by_mail/mail_send
ERR: 非法操作:RegisterActivateMailSend

[ 2016-05-17T13:39:31+08:00 ] 127.0.0.1 /api/android/user/register_by_mail/activate?email=2574580419@qq.com&token=9f4016408e8a6c1bddb95a015049a50c
ERR: 非法操作:RegisterMailActivate

[ 2016-05-17T13:39:32+08:00 ] 127.0.0.1 /api/android/user/register_by_mail/activate?email=2574580419@qq.com&token=9f4016408e8a6c1bddb95a015049a50c
ERR: 非法操作:RegisterMailActivate

[ 2016-05-17T13:39:45+08:00 ] 127.0.0.1 /api/android/user/register_by_mail/activate?email=2574580419@qq.com&token=9f4016408e8a6c1bddb95a015049a50c
ERR: 非法操作:RegisterMailActivate

[ 2016-05-17T13:40:30+08:00 ] ::1 /api/android/user/phone_is_register?phone=13132283239
ERR: 非法操作:userTelExist

[ 2016-05-17T16:04:27+08:00 ] ::1 /api/android/
ERR: 非法操作:index

[ 2016-05-17T16:04:40+08:00 ] ::1 /api/android/userTelExist
ERR: 非法操作:userTelExist

[ 2016-05-17T16:05:22+08:00 ] ::1 /Api/android/userTelExist
ERR: 非法操作:userTelExist

[ 2016-05-17T16:05:28+08:00 ] ::1 /Api/Android/userTelExist
ERR: 非法操作:userTelExist

[ 2016-05-17T16:05:36+08:00 ] ::1 /Api/Android/usertelexist
ERR: 非法操作:usertelexist

[ 2016-05-17T16:06:02+08:00 ] ::1 /api/android/register_by_phone
ERR: 非法操作:register_by_phone

[ 2016-05-17T16:06:33+08:00 ] ::1 /api/wechat
ERR: 无法加载控制器:Wechat

[ 2016-05-17T16:06:44+08:00 ] ::1 /api/wechat
ERR: 无法加载控制器:Wechat

[ 2016-05-17T16:07:11+08:00 ] ::1 /api/wechat
ERR: 无法加载控制器:Wechat

[ 2016-05-17T16:07:15+08:00 ] ::1 /api/wechat
ERR: 无法加载控制器:Wechat

[ 2016-05-17T16:07:27+08:00 ] ::1 /api/wechat
ERR: 非法操作:index

[ 2016-05-17T16:08:50+08:00 ] ::1 /api/wechat/read_get
ERR: 非法操作:read_get

[ 2016-05-17T16:09:58+08:00 ] ::1 /api/android/
ERR: 非法操作:index

[ 2016-05-17T16:10:12+08:00 ] ::1 /api/android/LoginvCode
ERR: 非法操作:LoginvCode

[ 2016-05-17T16:10:24+08:00 ] ::1 /api/android/Loginvcode
ERR: 非法操作:Loginvcode

[ 2016-05-17T16:10:38+08:00 ] ::1 /api/android/loginvcode
ERR: 非法操作:loginvcode

[ 2016-05-17T16:11:17+08:00 ] ::1 /api/android/vcode
ERR: 非法操作:vcode

[ 2016-05-17T16:11:20+08:00 ] ::1 /api/android/vcode
ERR: 非法操作:vcode

[ 2016-05-17T16:12:22+08:00 ] ::1 /api/android/Login_vCode
ERR: 非法操作:Login_vCode

[ 2016-05-17T16:12:35+08:00 ] ::1 /api/android/LoginVcode
ERR: 非法操作:LoginVcode

[ 2016-05-17T16:13:25+08:00 ] ::1 /api/android/LoginVcode
ERR: 非法操作:LoginVcode

[ 2016-05-17T16:18:28+08:00 ] 127.0.0.1 /api/android/user/register_by_mail/mail_send
ERR: 非法操作:RegisterActivateMailSend

[ 2016-05-17T16:54:28+08:00 ] ::1 /api/android/
ERR: 非法操作:index

[ 2016-05-17T16:54:54+08:00 ] ::1 /api/android/
ERR: 非法操作:index

[ 2016-05-17T16:55:02+08:00 ] ::1 /api/android/user/phone_is_register?phone=13132283239
ERR: 非法操作:user

[ 2016-05-17T16:55:58+08:00 ] ::1 /api/android/userTelExist
ERR: 非法操作:userTelExist

[ 2016-05-17T16:58:41+08:00 ] ::1 /api/android/userTelExist
ERR: 非法操作:userTelExist

[ 2016-05-17T16:58:44+08:00 ] ::1 /api/android/userTelExist
ERR: 非法操作:userTelExist

[ 2016-05-17T16:58:45+08:00 ] ::1 /api/android/userTelExist
ERR: 非法操作:userTelExist

[ 2016-05-17T16:58:57+08:00 ] ::1 /api/android/userTelExist
ERR: 非法操作:userTelExist

[ 2016-05-17T16:58:58+08:00 ] ::1 /api/android/userTelExist
ERR: 非法操作:userTelExist

[ 2016-05-17T16:59:22+08:00 ] ::1 /api/android/userTelExist
ERR: 非法操作:userTelExist

[ 2016-05-17T16:59:23+08:00 ] ::1 /api/android/userTelExist
ERR: 非法操作:userTelExist

[ 2016-05-17T16:59:23+08:00 ] ::1 /api/android/userTelExist
ERR: 非法操作:userTelExist

[ 2016-05-17T17:00:03+08:00 ] ::1 /api/android/userTelExist
ERR: 非法操作:userTelExist

[ 2016-05-17T17:00:04+08:00 ] ::1 /api/android/userTelExist
ERR: 非法操作:userTelExist

[ 2016-05-17T17:00:06+08:00 ] ::1 /api/android/userTelExist
ERR: 非法操作:userTelExist

[ 2016-05-17T17:00:32+08:00 ] ::1 /api/android/usertelExist
ERR: 非法操作:usertelExist

[ 2016-05-17T17:00:39+08:00 ] ::1 /api/android/usertelexist
ERR: 非法操作:usertelexist

[ 2016-05-17T17:21:42+08:00 ] ::1 /api/android/userTelExist
ERR: 非法操作:userTelExist

[ 2016-05-17T17:25:24+08:00 ] ::1 /api/android/userTelExist_html
ERR: 非法操作:userTelExist_html

[ 2016-05-17T17:28:22+08:00 ] ::1 /api/android/read
ERR: 非法操作:read

[ 2016-05-17T17:28:47+08:00 ] ::1 /api/android/read
ERR: 非法操作:read

[ 2016-05-17T17:28:52+08:00 ] ::1 /api/android/read
ERR: 非法操作:read

[ 2016-05-17T17:28:54+08:00 ] ::1 /api/android/read
ERR: 非法操作:read

[ 2016-05-17T17:29:01+08:00 ] ::1 /api/android/read_get
ERR: 非法操作:read_get

[ 2016-05-17T17:30:07+08:00 ] ::1 /api/android/read_get
ERR: 非法操作:read_get

[ 2016-05-17T17:30:11+08:00 ] ::1 /api/android/read
ERR: 非法操作:read

[ 2016-05-17T17:34:01+08:00 ] ::1 /api/android/read
ERR: 非法操作:read

[ 2016-05-17T17:34:09+08:00 ] ::1 /api/android/userTelExist
ERR: 非法操作:userTelExist

[ 2016-05-17T17:35:06+08:00 ] 127.0.0.1 /api/android/
ERR: 非法操作:index

[ 2016-05-17T17:35:12+08:00 ] 127.0.0.1 /api/android/userExist
ERR: 非法操作:userExist

[ 2016-05-17T17:35:32+08:00 ] 127.0.0.1 /api/android/userNameExist
ERR: 非法操作:userNameExist

[ 2016-05-17T17:36:05+08:00 ] ::1 /api/android/userNameExist
ERR: 非法操作:userNameExist

[ 2016-05-17T20:18:12+08:00 ] ::1 /api/android/read
ERR: 非法操作:read

[ 2016-05-17T20:18:18+08:00 ] ::1 /api/android/read_get
ERR: 非法操作:read_get

[ 2016-05-17T20:20:12+08:00 ] ::1 /api/android/read
ERR: 非法操作:read

[ 2016-05-17T20:20:42+08:00 ] ::1 /api/android/read
ERR: 非法操作:read

[ 2016-05-17T20:21:22+08:00 ] ::1 /api/android/wechat
ERR: 非法操作:wechat

[ 2016-05-17T20:21:29+08:00 ] ::1 /api/android/read
ERR: 非法操作:read

[ 2016-05-17T20:22:12+08:00 ] ::1 /api/android/read
ERR: 非法操作:read

[ 2016-05-17T20:23:47+08:00 ] ::1 /api/wechat/read
ERR: 非法操作:read

[ 2016-05-17T20:30:20+08:00 ] ::1 /api/wechat/read
ERR: 非法操作:read

[ 2016-05-17T20:30:35+08:00 ] ::1 /api/wechat/read
ERR: 非法操作:read

[ 2016-05-17T20:30:39+08:00 ] ::1 /api/wechat/read
ERR: 非法操作:read

[ 2016-05-17T20:31:41+08:00 ] ::1 /api/wechat/read
ERR: 非法操作:read

[ 2016-05-17T20:31:43+08:00 ] ::1 /api/wechat/read
ERR: 非法操作:read

[ 2016-05-17T20:31:46+08:00 ] ::1 /api/wechat/read
ERR: 非法操作:read

[ 2016-05-17T20:32:59+08:00 ] ::1 /api/wechat/read
ERR: 非法操作:read

[ 2016-05-17T20:33:27+08:00 ] ::1 /api/wechat/read
ERR: 非法操作:read

[ 2016-05-17T20:33:28+08:00 ] ::1 /api/wechat/read
ERR: 非法操作:read

[ 2016-05-17T20:43:35+08:00 ] ::1 /api/wechat/read
ERR: 非法操作:read

[ 2016-05-17T20:43:51+08:00 ] ::1 /api/wechat/read
ERR: 非法操作:read

[ 2016-05-17T20:45:38+08:00 ] ::1 /api/wechat/read
ERR: 非法操作:read

[ 2016-05-17T20:45:52+08:00 ] ::1 /api/wechat/read
ERR: 非法操作:read

[ 2016-05-17T20:47:23+08:00 ] ::1 /api/wechat/read
ERR: 非法操作:read

[ 2016-05-17T21:44:38+08:00 ] ::1 /api/android/user/register_by_mail
ERR: 非法操作:user

[ 2016-05-17T21:51:42+08:00 ] ::1 /api/wechat/read
ERR: 非法操作:read

[ 2016-05-17T22:00:42+08:00 ] ::1 /api/android/user/register_by_mail/activate
ERR: 非法操作:RegisterMailActivate

[ 2016-05-17T22:01:15+08:00 ] ::1 /api/android/user/register_by_mail/activate
ERR: 非法操作:RegisterMailActivate

[ 2016-05-17T22:02:21+08:00 ] ::1 /api/android/user/register_by_mail/activate
ERR: 非法操作:RegisterMailActivate

[ 2016-05-17T22:02:59+08:00 ] ::1 /api/android/user/register_by_mail/activate
ERR: 非法操作:RegisterMailActivate

[ 2016-05-17T22:03:17+08:00 ] ::1 /api/android/user/register_by_mail/activate
ERR: 非法操作:RegisterMailActivate

[ 2016-05-17T22:10:15+08:00 ] ::1 /api/android/user/mail_is_register?email=2574580419@qq.com
ERR: 非法操作:userEmailExist

[ 2016-05-17T22:10:36+08:00 ] ::1 /api/android/user/mail_is_register?email=2574580419@qq.com
ERR: 非法操作:userEmailExist

[ 2016-05-17T22:11:11+08:00 ] ::1 /api/android/user/mail_is_register?email=2574580419@qq.com
ERR: 非法操作:userEmailExist

[ 2016-05-17T22:11:22+08:00 ] ::1 /api/android/user/mail_is_register?email=2574580419@qq.com
ERR: 非法操作:userEmailExist

[ 2016-05-17T22:11:47+08:00 ] ::1 /api/android/user/mail_is_register?email=2574580419@qq.com
ERR: 非法操作:userEmailExist

[ 2016-05-17T22:12:18+08:00 ] ::1 /api/android/user/phone_is_register?phone=13132283239
ERR: 非法操作:userTelExist

[ 2016-05-17T22:13:02+08:00 ] ::1 /api/android/user/phone_is_register?phone=13132283239
ERR: 非法操作:userTelExist

[ 2016-05-17T22:13:59+08:00 ] ::1 /api/android/user/phone_is_register?phone=13132283239
ERR: 非法操作:userTelExist

[ 2016-05-17T22:14:23+08:00 ] ::1 /api/android/user/phone_is_register?phone=13132283239
ERR: 非法操作:userTelExist

[ 2016-05-17T22:15:28+08:00 ] ::1 /api/android/user/phone_is_register?phone=13132283239
ERR: 非法操作:userTelExist

[ 2016-05-17T22:22:49+08:00 ] ::1 /api/android/user/phone_is_register?phone=13132283239
ERR: 非法操作:userTelExist

[ 2016-05-17T22:23:19+08:00 ] ::1 /api/android/user/phone_is_register?phone=13132283239
ERR: 非法操作:userTelExist

[ 2016-05-17T22:23:55+08:00 ] ::1 /api/android/user/phone_is_register?phone=13132283239
ERR: 非法操作:userTelExist

[ 2016-05-17T22:24:37+08:00 ] ::1 /api/android/user/phone_is_register?phone=13132283239
ERR: 非法操作:userTelExist

[ 2016-05-17T22:25:02+08:00 ] ::1 /api/android/user/phone_is_register
ERR: 非法操作:userTelExist

[ 2016-05-17T22:25:23+08:00 ] ::1 /api/android/user/phone_is_register
ERR: 非法操作:userTelExist

[ 2016-05-17T22:25:25+08:00 ] ::1 /api/android/user/phone_is_register
ERR: 非法操作:userTelExist

[ 2016-05-17T22:25:25+08:00 ] ::1 /api/android/user/phone_is_register
ERR: 非法操作:userTelExist

[ 2016-05-17T22:25:33+08:00 ] ::1 /api/android/user/phone_is_register
ERR: 非法操作:userTelExist

[ 2016-05-17T22:25:35+08:00 ] ::1 /api/android/user/phone_is_register
ERR: 非法操作:userTelExist

[ 2016-05-17T22:28:44+08:00 ] ::1 /api/android/user/phone_is_register
ERR: 非法操作:userTelExist

[ 2016-05-17T22:28:54+08:00 ] ::1 /api/android/user/phone_is_register
ERR: 非法操作:userTelExist

[ 2016-05-17T22:29:35+08:00 ] ::1 /api/android/user/phone_is_register
ERR: 非法操作:userTelExist

[ 2016-05-17T22:30:49+08:00 ] ::1 /api/android/user/phone_is_register
ERR: 非法操作:userTelExist

[ 2016-05-17T22:31:22+08:00 ] ::1 /api/android/user/phone_is_register?phone=13640140644
ERR: 非法操作:userTelExist

[ 2016-05-17T22:31:56+08:00 ] ::1 /api/android/user/phone_is_register.html?phone=13640140644
ERR: 非法操作:userTelExist

[ 2016-05-17T22:32:46+08:00 ] ::1 /api/android/user/phone_is_register.html
ERR: 非法操作:userTelExist

[ 2016-05-17T22:34:09+08:00 ] ::1 /api/android/user/is_phone_register
ERR: 非法操作:user

[ 2016-05-17T22:34:37+08:00 ] ::1 /api/android/user/phone_is_register.html
ERR: 非法操作:userTelExist

[ 2016-05-17T22:35:14+08:00 ] ::1 /api/android/user/phone_is_register.html
ERR: 非法操作:userTelExist

[ 2016-05-17T22:36:00+08:00 ] ::1 /api/android/user/phone_is_register.html
ERR: 非法操作:userTelExist

[ 2016-05-17T22:36:17+08:00 ] ::1 /api/android/user/phone_is_register.html
ERR: 非法操作:userTelExist

[ 2016-05-17T22:36:35+08:00 ] ::1 /api/android/user/phone_is_register
ERR: 非法操作:userTelExist

[ 2016-05-17T22:36:49+08:00 ] ::1 /api/android/user/phone_is_register
ERR: 非法操作:userTelExist

[ 2016-05-17T22:37:15+08:00 ] ::1 /api/android/user/is_phone_register
ERR: 非法操作:user

[ 2016-05-17T22:38:34+08:00 ] ::1 /api/android/user/is_phone_register
ERR: 非法操作:user

